2025-04-06 20:30:46,463 INFO  [org.jboss.modules] (main) JBoss Modules version 2.1.6.Final
2025-04-06 20:30:46,665 INFO  [org.jboss.msc] (main) JBoss MSC version 1.5.5.Final
2025-04-06 20:30:46,669 INFO  [org.jboss.threads] (main) JBoss Threads version 2.4.0.Final
2025-04-06 20:30:46,717 INFO  [org.jboss.as] (MSC service thread 1-2) WFLYSRV0049: WildFly 35.0.1.Final (WildFly Core 27.0.1.Final) starting
2025-04-06 20:30:46,718 DEBUG [org.jboss.as.config] (MSC service thread 1-2) Configured system properties:
	[Standalone] = 
	file.encoding = UTF-8
	file.separator = /
	ftp.nonProxyHosts = local|*.local|169.254/16|*.169.254/16
	http.nonProxyHosts = local|*.local|169.254/16|*.169.254/16
	java.awt.headless = true
	java.class.path = /Users/talalajmi/My Documents/OAB/Java/wildfly-demo/getting-started/target/server/jboss-modules.jar
	java.class.version = 61.0
	java.home = /Library/Java/JavaVirtualMachines/zulu-17.jdk/Contents/Home
	java.io.tmpdir = /var/folders/m3/lqq_0blj3vg4mwyn45_nhl280000gn/T/
	java.library.path = /Users/talalajmi/Library/Java/Extensions:/Library/Java/Extensions:/Network/Library/Java/Extensions:/System/Library/Java/Extensions:/usr/lib/java:.
	java.net.preferIPv4Stack = true
	java.runtime.name = OpenJDK Runtime Environment
	java.runtime.version = 17.0.14+7-LTS
	java.security.manager = allow
	java.specification.maintenance.version = 1
	java.specification.name = Java Platform API Specification
	java.specification.vendor = Oracle Corporation
	java.specification.version = 17
	java.util.logging.manager = org.jboss.logmanager.LogManager
	java.vendor = Azul Systems, Inc.
	java.vendor.url = http://www.azul.com/
	java.vendor.url.bug = http://www.azul.com/support/
	java.vendor.version = Zulu17.56+15-CA
	java.version = 17.0.14
	java.version.date = 2025-01-21
	java.vm.compressedOopsMode = Zero based
	java.vm.info = mixed mode, sharing
	java.vm.name = OpenJDK 64-Bit Server VM
	java.vm.specification.name = Java Virtual Machine Specification
	java.vm.specification.vendor = Oracle Corporation
	java.vm.specification.version = 17
	java.vm.vendor = Azul Systems, Inc.
	java.vm.version = 17.0.14+7-LTS
	javax.management.builder.initial = org.jboss.as.jmx.PluggableMBeanServerBuilder
	jboss.home.dir = /Users/talalajmi/My Documents/OAB/Java/wildfly-demo/getting-started/target/server
	jboss.host.name = talals-macbook-pro
	jboss.modules.system.pkgs = org.jboss.byteman
	jboss.node.name = talals-macbook-pro
	jboss.qualified.host.name = talals-macbook-pro.local
	jboss.server.base.dir = /Users/talalajmi/My Documents/OAB/Java/wildfly-demo/getting-started/target/server/standalone
	jboss.server.config.dir = /Users/talalajmi/My Documents/OAB/Java/wildfly-demo/getting-started/target/server/standalone/configuration
	jboss.server.data.dir = /Users/talalajmi/My Documents/OAB/Java/wildfly-demo/getting-started/target/server/standalone/data
	jboss.server.log.dir = /Users/talalajmi/My Documents/OAB/Java/wildfly-demo/getting-started/target/server/standalone/log
	jboss.server.name = talals-macbook-pro
	jboss.server.persist.config = true
	jboss.server.temp.dir = /Users/talalajmi/My Documents/OAB/Java/wildfly-demo/getting-started/target/server/standalone/tmp
	jdk.debug = release
	line.separator = 

	logging.configuration = file:/Users/talalajmi/My Documents/OAB/Java/wildfly-demo/getting-started/target/server/standalone/configuration/logging.properties
	module.path = /Users/talalajmi/My Documents/OAB/Java/wildfly-demo/getting-started/target/server/modules
	native.encoding = UTF-8
	org.jboss.boot.log.file = /Users/talalajmi/My Documents/OAB/Java/wildfly-demo/getting-started/target/server/standalone/log/server.log
	org.jboss.resolver.warning = true
	os.arch = aarch64
	os.name = Mac OS X
	os.version = 15.3.2
	path.separator = :
	socksNonProxyHosts = local|*.local|169.254/16|*.169.254/16
	sun.arch.data.model = 64
	sun.boot.library.path = /Library/Java/JavaVirtualMachines/zulu-17.jdk/Contents/Home/lib
	sun.cpu.endian = little
	sun.io.unicode.encoding = UnicodeBig
	sun.java.command = /Users/talalajmi/My Documents/OAB/Java/wildfly-demo/getting-started/target/server/jboss-modules.jar -mp /Users/talalajmi/My Documents/OAB/Java/wildfly-demo/getting-started/target/server/modules org.jboss.as.standalone -c=standalone.xml
	sun.java.launcher = SUN_STANDARD
	sun.jnu.encoding = UTF-8
	sun.management.compiler = HotSpot 64-Bit Tiered Compilers
	sun.stderr.encoding = UTF-8
	sun.stdout.encoding = UTF-8
	user.country = OM
	user.dir = /Users/talalajmi/My Documents/OAB/Java/wildfly-demo/getting-started
	user.home = /Users/talalajmi
	user.language = en
	user.name = talalajmi
	user.timezone = Asia/Muscat
2025-04-06 20:30:46,718 DEBUG [org.jboss.as.config] (MSC service thread 1-2) VM Arguments: -D[Standalone] -Xms64m -Xmx512m -Djava.net.preferIPv4Stack=true -Djava.awt.headless=true -Djboss.modules.system.pkgs=org.jboss.byteman --add-exports=java.base/sun.nio.ch=ALL-UNNAMED --add-exports=jdk.unsupported/sun.reflect=ALL-UNNAMED --add-exports=jdk.unsupported/sun.misc=ALL-UNNAMED --add-modules=java.se --add-exports=java.desktop/sun.awt=ALL-UNNAMED --add-exports=java.naming/com.sun.jndi.ldap=ALL-UNNAMED --add-exports=java.naming/com.sun.jndi.url.ldap=ALL-UNNAMED --add-exports=java.naming/com.sun.jndi.url.ldaps=ALL-UNNAMED --add-exports=jdk.naming.dns/com.sun.jndi.dns=ALL-UNNAMED --add-opens=java.base/java.lang=ALL-UNNAMED --add-opens=java.base/java.lang.invoke=ALL-UNNAMED --add-opens=java.base/java.lang.reflect=ALL-UNNAMED --add-opens=java.base/java.io=ALL-UNNAMED --add-opens=java.base/java.net=ALL-UNNAMED --add-opens=java.base/java.security=ALL-UNNAMED --add-opens=java.base/java.util=ALL-UNNAMED --add-opens=java.base/java.util.concurrent=ALL-UNNAMED --add-opens=java.management/javax.management=ALL-UNNAMED --add-opens=java.naming/javax.naming=ALL-UNNAMED --add-modules=java.se -Djava.security.manager=allow -Djboss.home.dir=/Users/talalajmi/My Documents/OAB/Java/wildfly-demo/getting-started/target/server -Djboss.server.base.dir=/Users/talalajmi/My Documents/OAB/Java/wildfly-demo/getting-started/target/server/standalone -Djboss.server.log.dir=/Users/talalajmi/My Documents/OAB/Java/wildfly-demo/getting-started/target/server/standalone/log -Djboss.server.config.dir=/Users/talalajmi/My Documents/OAB/Java/wildfly-demo/getting-started/target/server/standalone/configuration -Dorg.jboss.boot.log.file=/Users/talalajmi/My Documents/OAB/Java/wildfly-demo/getting-started/target/server/standalone/log/server.log -Dlogging.configuration=file:/Users/talalajmi/My Documents/OAB/Java/wildfly-demo/getting-started/target/server/standalone/configuration/logging.properties 
2025-04-06 20:30:47,193 INFO  [org.wildfly.security] (Controller Boot Thread) ELY00001: WildFly Elytron version 2.6.0.Final
2025-04-06 20:30:47,397 INFO  [org.jboss.as.server] (Controller Boot Thread) WFLYSRV0039: Creating http management service using socket-binding (management-http)
2025-04-06 20:30:47,402 INFO  [org.xnio] (MSC service thread 1-8) XNIO version 3.8.16.Final
2025-04-06 20:30:47,405 INFO  [org.xnio.nio] (MSC service thread 1-8) XNIO NIO Implementation Version 3.8.16.Final
2025-04-06 20:30:47,415 INFO  [org.jboss.as.clustering.infinispan] (ServerService Thread Pool -- 40) WFLYCLINF0001: Activating Infinispan subsystem.
2025-04-06 20:30:47,416 INFO  [org.wildfly.extension.health] (ServerService Thread Pool -- 39) WFLYHEALTH0001: Activating Base Health Subsystem
2025-04-06 20:30:47,418 INFO  [org.wildfly.extension.microprofile.config.smallrye] (ServerService Thread Pool -- 48) WFLYCONF0001: Activating MicroProfile Config Subsystem
2025-04-06 20:30:47,418 INFO  [org.wildfly.extension.microprofile.telemetry] (ServerService Thread Pool -- 50) WFLYMPTEL0001: Activating MicroProfile Telemetry Subsystem
2025-04-06 20:30:47,419 INFO  [org.jboss.as.jaxrs] (ServerService Thread Pool -- 42) WFLYRS0016: RESTEasy version 6.2.11.Final
2025-04-06 20:30:47,422 WARN  [org.jboss.as.txn] (ServerService Thread Pool -- 57) WFLYTX0013: The node-identifier attribute on the /subsystem=transactions is set to the default value. This is a danger for environments running multiple servers. Please make sure the attribute value is unique.
2025-04-06 20:30:47,422 INFO  [org.wildfly.extension.metrics] (ServerService Thread Pool -- 47) WFLYMETRICS0001: Activating Base Metrics Subsystem
2025-04-06 20:30:47,424 INFO  [org.wildfly.extension.microprofile.health.smallrye] (ServerService Thread Pool -- 49) WFLYMPHEALTH0001: Activating MicroProfile Health Subsystem
2025-04-06 20:30:47,432 INFO  [org.jboss.as.naming] (ServerService Thread Pool -- 51) WFLYNAM0001: Activating Naming Subsystem
2025-04-06 20:30:47,437 INFO  [org.jboss.as.connector] (MSC service thread 1-6) WFLYJCA0009: Starting Jakarta Connectors Subsystem (WildFly/IronJacamar 3.0.10.Final)
2025-04-06 20:30:47,437 INFO  [org.wildfly.extension.io] (ServerService Thread Pool -- 41) WFLYIO001: Worker 'default' has auto-configured to 20 IO threads with 160 max task threads based on your 10 available processors
2025-04-06 20:30:47,445 INFO  [org.jboss.remoting] (MSC service thread 1-5) JBoss Remoting version 5.0.30.Final
2025-04-06 20:30:47,455 INFO  [org.wildfly.extension.undertow] (MSC service thread 1-7) WFLYUT0003: Undertow 2.3.18.Final starting
2025-04-06 20:30:47,467 INFO  [org.jboss.as.naming] (MSC service thread 1-5) WFLYNAM0003: Starting Naming Service
2025-04-06 20:30:47,472 WARN  [org.wildfly.extension.elytron] (MSC service thread 1-2) WFLYELY00023: KeyStore file '/Users/talalajmi/My Documents/OAB/Java/wildfly-demo/getting-started/target/server/standalone/configuration/application.keystore' does not exist. Used blank.
2025-04-06 20:30:47,480 WARN  [org.wildfly.extension.elytron] (MSC service thread 1-1) WFLYELY01084: KeyStore /Users/talalajmi/My Documents/OAB/Java/wildfly-demo/getting-started/target/server/standalone/configuration/application.keystore not found, it will be auto-generated on first use with a self-signed certificate for host localhost
2025-04-06 20:30:47,489 INFO  [org.wildfly.extension.undertow] (MSC service thread 1-5) WFLYUT0012: Started server default-server.
2025-04-06 20:30:47,490 INFO  [org.wildfly.extension.undertow] (MSC service thread 1-6) Queuing requests.
2025-04-06 20:30:47,490 INFO  [org.wildfly.extension.undertow] (MSC service thread 1-6) WFLYUT0018: Host default-host starting
2025-04-06 20:30:47,498 WARN  [org.jboss.as.domain.http.api.undertow] (MSC service thread 1-8) WFLYDMHTTP0003: Unable to load console module for slot main, disabling console
2025-04-06 20:30:47,509 INFO  [org.wildfly.extension.undertow] (MSC service thread 1-3) WFLYUT0006: Undertow HTTP listener default listening on 127.0.0.1:8080
2025-04-06 20:30:47,522 INFO  [org.jboss.as.server.deployment.scanner] (MSC service thread 1-6) WFLYDS0013: Started FileSystemDeploymentService for directory /Users/talalajmi/My Documents/OAB/Java/wildfly-demo/getting-started/target/server/standalone/deployments
2025-04-06 20:30:47,569 INFO  [org.jboss.as.server] (Controller Boot Thread) WFLYSRV0212: Resuming server
2025-04-06 20:30:47,571 INFO  [org.jboss.as] (Controller Boot Thread) WFLYSRV0060: Http management interface listening on http://127.0.0.1:9990/management
2025-04-06 20:30:47,572 INFO  [org.jboss.as] (Controller Boot Thread) WFLYSRV0054: Admin console is not enabled
2025-04-06 20:30:47,572 INFO  [org.jboss.as] (Controller Boot Thread) WFLYSRV0025: WildFly 35.0.1.Final (WildFly Core 27.0.1.Final) started in 1344ms - Started 216 of 300 services (141 services are lazy, passive or on-demand) - Server configuration file in use: standalone.xml - Minimum feature stability level: community
2025-04-06 20:30:48,334 INFO  [org.jboss.as.server.deployment] (MSC service thread 1-5) WFLYSRV0027: Starting deployment of "ROOT.war" (runtime-name: "ROOT.war")
2025-04-06 20:30:48,635 INFO  [org.jboss.weld.deployer] (MSC service thread 1-7) WFLYWELD0003: Processing weld deployment ROOT.war
2025-04-06 20:30:48,677 INFO  [org.hibernate.validator.internal.util.Version] (MSC service thread 1-7) HV000001: Hibernate Validator 8.0.2.Final
2025-04-06 20:30:48,776 INFO  [org.jboss.as.connector.deployers.jdbc] (MSC service thread 1-8) WFLYJCA0005: Deploying non-JDBC-compliant driver class org.postgresql.Driver (version 42.6)
2025-04-06 20:30:48,788 INFO  [org.jboss.weld.Version] (MSC service thread 1-8) WELD-000900: 5.1.4 (Final)
2025-04-06 20:30:48,817 INFO  [org.jboss.as.connector.deployers.jdbc] (MSC service thread 1-6) WFLYJCA0018: Started Driver service with driver-name = ROOT.war_org.postgresql.Driver_42_6
2025-04-06 20:30:49,120 INFO  [org.wildfly.extension.undertow] (ServerService Thread Pool -- 8) WFLYUT0021: Registered web context: '/' for server 'default-server'
2025-04-06 20:30:49,141 INFO  [org.jboss.as.server] (management-handler-thread - 1) WFLYSRV0010: Deployed "ROOT.war" (runtime-name : "ROOT.war")
2025-04-06 20:32:57,326 INFO  [org.jboss.as.connector.deployers.jdbc] (MSC service thread 1-7) WFLYJCA0019: Stopped Driver service with driver-name = ROOT.war_org.postgresql.Driver_42_6
2025-04-06 20:32:57,327 INFO  [org.wildfly.extension.undertow] (ServerService Thread Pool -- 8) WFLYUT0022: Unregistered web context: '/' from server 'default-server'
2025-04-06 20:32:57,349 INFO  [org.jboss.as.server.deployment] (MSC service thread 1-7) WFLYSRV0028: Stopped deployment ROOT.war (runtime-name: ROOT.war) in 24ms
2025-04-06 20:32:57,350 INFO  [org.jboss.as.server.deployment] (MSC service thread 1-6) WFLYSRV0027: Starting deployment of "ROOT.war" (runtime-name: "ROOT.war")
2025-04-06 20:32:57,468 INFO  [org.jboss.weld.deployer] (MSC service thread 1-7) WFLYWELD0003: Processing weld deployment ROOT.war
2025-04-06 20:32:57,493 INFO  [org.jboss.as.connector.deployers.jdbc] (MSC service thread 1-2) WFLYJCA0005: Deploying non-JDBC-compliant driver class org.postgresql.Driver (version 42.6)
2025-04-06 20:32:57,509 INFO  [org.jboss.as.connector.deployers.jdbc] (MSC service thread 1-4) WFLYJCA0018: Started Driver service with driver-name = ROOT.war_org.postgresql.Driver_42_6
2025-04-06 20:32:57,562 INFO  [org.wildfly.extension.undertow] (ServerService Thread Pool -- 66) WFLYUT0021: Registered web context: '/' for server 'default-server'
2025-04-06 20:32:57,569 INFO  [org.jboss.as.server] (management-handler-thread - 1) WFLYSRV0013: Redeployed "ROOT.war"
2025-04-06 20:34:03,733 INFO  [org.jboss.as.server] (Thread-1) WFLYSRV0272: Suspending server
2025-04-06 20:34:03,737 INFO  [org.jboss.as.server] (Thread-1) WFLYSRV0220: Server shutdown has been requested via an OS signal
2025-04-06 20:34:03,741 INFO  [org.jboss.as.connector.deployers.jdbc] (MSC service thread 1-1) WFLYJCA0019: Stopped Driver service with driver-name = ROOT.war_org.postgresql.Driver_42_6
2025-04-06 20:34:03,742 INFO  [org.wildfly.extension.undertow] (ServerService Thread Pool -- 66) WFLYUT0022: Unregistered web context: '/' from server 'default-server'
2025-04-06 20:34:03,743 INFO  [org.wildfly.extension.undertow] (MSC service thread 1-7) WFLYUT0008: Undertow HTTP listener default suspending
2025-04-06 20:34:03,744 INFO  [org.wildfly.extension.undertow] (MSC service thread 1-7) WFLYUT0007: Undertow HTTP listener default stopped, was bound to 127.0.0.1:8080
2025-04-06 20:34:03,744 INFO  [org.wildfly.extension.undertow] (MSC service thread 1-3) WFLYUT0019: Host default-host stopping
2025-04-06 20:34:03,745 INFO  [org.wildfly.extension.undertow] (MSC service thread 1-5) WFLYUT0004: Undertow 2.3.18.Final stopping
2025-04-06 20:34:03,751 INFO  [org.jboss.as.server.deployment] (MSC service thread 1-5) WFLYSRV0028: Stopped deployment ROOT.war (runtime-name: ROOT.war) in 12ms
2025-04-06 20:34:03,754 INFO  [org.jboss.as] (MSC service thread 1-8) WFLYSRV0050: WildFly 35.0.1.Final (WildFly Core 27.0.1.Final) stopped in 15ms
